\BOOKMARK [1][-]{section.1}{\376\377\000C\000h\000a\000p\000t\000e\000r\000\040\0000\0001\000\040\000S\000u\000m\000m\000a\000r\000y}{}% 1
\BOOKMARK [2][-]{subsection.1.1}{\376\377\000I\000n\000t\000r\000o\000d\000u\000c\000t\000i\000o\000n}{section.1}% 2
\BOOKMARK [2][-]{subsection.1.2}{\376\377\000W\000h\000a\000t\000\040\000i\000s\000\040\000a\000\040\000T\000i\000m\000e\000\040\000S\000e\000r\000i\000e\000s\000?}{section.1}% 3
\BOOKMARK [2][-]{subsection.1.3}{\376\377\000T\000y\000p\000e\000s\000\040\000o\000f\000\040\000T\000i\000m\000e\000\040\000S\000e\000r\000i\000e\000s}{section.1}% 4
\BOOKMARK [2][-]{subsection.1.4}{\376\377\000A\000p\000p\000l\000i\000c\000a\000t\000i\000o\000n\000s\000\040\000o\000f\000\040\000T\000i\000m\000e\000\040\000S\000e\000r\000i\000e\000s\000\040\000A\000n\000a\000l\000y\000s\000i\000s}{section.1}% 5
\BOOKMARK [2][-]{subsection.1.5}{\376\377\000D\000a\000t\000a\000-\000G\000e\000n\000e\000r\000a\000t\000i\000n\000g\000\040\000P\000r\000o\000c\000e\000s\000s\000\040\000\050\000D\000G\000P\000\051}{section.1}% 6
\BOOKMARK [2][-]{subsection.1.6}{\376\377\000S\000y\000n\000t\000h\000e\000t\000i\000c\000\040\000T\000i\000m\000e\000\040\000S\000e\000r\000i\000e\000s\000\040\000G\000e\000n\000e\000r\000a\000t\000i\000o\000n}{section.1}% 7
\BOOKMARK [2][-]{subsection.1.7}{\376\377\000S\000t\000a\000t\000i\000o\000n\000a\000r\000y\000\040\000v\000s\000.\000\040\000N\000o\000n\000-\000S\000t\000a\000t\000i\000o\000n\000a\000r\000y\000\040\000T\000i\000m\000e\000\040\000S\000e\000r\000i\000e\000s}{section.1}% 8
\BOOKMARK [2][-]{subsection.1.8}{\376\377\000F\000o\000r\000e\000c\000a\000s\000t\000a\000b\000i\000l\000i\000t\000y\000\040\000o\000f\000\040\000T\000i\000m\000e\000\040\000S\000e\000r\000i\000e\000s}{section.1}% 9
\BOOKMARK [2][-]{subsection.1.9}{\376\377\000F\000o\000r\000e\000c\000a\000s\000t\000i\000n\000g\000\040\000T\000e\000r\000m\000i\000n\000o\000l\000o\000g\000y}{section.1}% 10
\BOOKMARK [2][-]{subsection.1.10}{\376\377\000P\000r\000e\000d\000i\000c\000a\000t\000b\000i\000l\000i\000t\000y}{section.1}% 11
\BOOKMARK [2][-]{subsection.1.11}{\376\377\000F\000o\000r\000e\000c\000a\000s\000t\000i\000n\000g}{section.1}% 12
\BOOKMARK [1][-]{section.2}{\376\377\000C\000h\000a\000p\000t\000e\000r\000\040\0000\0001\000\040\000C\000o\000d\000e\000\040\000A\000n\000a\000l\000y\000s\000i\000s}{}% 13
\BOOKMARK [1][-]{section.3}{\376\377\000C\000h\000a\000p\000t\000e\000r\000\040\0000\0002\000\040\000S\000u\000m\000m\000a\000r\000y}{}% 14
\BOOKMARK [2][-]{subsection.3.1}{\376\377\000D\000a\000t\000a\000\040\000P\000r\000e\000p\000r\000o\000c\000e\000s\000s\000i\000n\000g}{section.3}% 15
\BOOKMARK [2][-]{subsection.3.2}{\376\377\000M\000i\000s\000s\000i\000n\000g\000\040\000D\000a\000t\000a}{section.3}% 16
\BOOKMARK [1][-]{section.4}{\376\377\000C\000h\000a\000p\000t\000e\000r\000\040\0000\0002\000\040\000C\000o\000d\000e\000\040\000A\000n\000a\000l\000y\000s\000i\000s}{}% 17
\BOOKMARK [1][-]{section.5}{\376\377\000C\000h\000a\000p\000t\000e\000r\000\040\0000\0003\000\040\000S\000u\000m\000m\000a\000r\000y}{}% 18
\BOOKMARK [2][-]{subsection.5.1}{\376\377\000C\000o\000m\000p\000o\000n\000e\000n\000t\000s\000\040\000o\000f\000\040\000a\000\040\000T\000i\000m\000e\000\040\000S\000e\000r\000i\000e\000s}{section.5}% 19
\BOOKMARK [2][-]{subsection.5.2}{\376\377\000V\000i\000s\000u\000a\000l\000i\000z\000i\000n\000g\000\040\000T\000i\000m\000e\000\040\000S\000e\000r\000i\000e\000s\000\040\000D\000a\000t\000a}{section.5}% 20
\BOOKMARK [2][-]{subsection.5.3}{\376\377\000D\000e\000c\000o\000m\000p\000o\000s\000i\000n\000g\000\040\000a\000\040\000T\000i\000m\000e\000\040\000S\000e\000r\000i\000e\000s}{section.5}% 21
\BOOKMARK [3][-]{subsubsection.5.3.1}{\376\377\000D\000e\000t\000r\000e\000n\000d\000i\000n\000g}{subsection.5.3}% 22
\BOOKMARK [3][-]{subsubsection.5.3.2}{\376\377\000D\000e\000s\000e\000a\000s\000o\000n\000a\000l\000i\000z\000i\000n\000g}{subsection.5.3}% 23
\BOOKMARK [2][-]{subsection.5.4}{\376\377\000D\000e\000t\000e\000c\000t\000i\000n\000g\000\040\000a\000n\000d\000\040\000T\000r\000e\000a\000t\000i\000n\000g\000\040\000O\000u\000t\000l\000i\000e\000r\000s}{section.5}% 24
\BOOKMARK [2][-]{subsection.5.5}{\376\377\000D\000e\000c\000o\000m\000p\000o\000s\000i\000t\000o\000n}{section.5}% 25
\BOOKMARK [2][-]{subsection.5.6}{\376\377\000O\000u\000t\000l\000i\000e\000r\000s}{section.5}% 26
\BOOKMARK [1][-]{section.6}{\376\377\000C\000h\000a\000p\000t\000e\000r\000\040\0000\0003\000\040\000C\000o\000d\000e\000\040\000A\000n\000a\000l\000y\000s\000i\000s}{}% 27
\BOOKMARK [1][-]{section.7}{\376\377\000C\000h\000a\000p\000t\000e\000r\000\040\0000\0004}{}% 28
\BOOKMARK [2][-]{subsection.7.1}{\376\377\000S\000e\000t\000t\000i\000n\000g\000\040\000u\000p\000\040\000a\000\040\000t\000e\000s\000t\000\040\000h\000a\000r\000n\000e\000s\000s}{section.7}% 29
\BOOKMARK [3][-]{subsubsection.7.1.1}{\376\377\000C\000r\000e\000a\000t\000i\000n\000g\000\040\000h\000o\000l\000d\000o\000u\000t\000\040\000\050\000t\000e\000s\000t\000\051\000\040\000a\000n\000d\000\040\000v\000a\000l\000i\000d\000a\000t\000i\000o\000n\000\040\000d\000a\000t\000a\000s\000e\000t}{subsection.7.1}% 30
\BOOKMARK [3][-]{subsubsection.7.1.2}{\376\377\000C\000h\000o\000s\000s\000i\000n\000g\000\040\000a\000n\000\040\000e\000v\000l\000u\000a\000t\000i\000o\000n\000\040\000m\000e\000t\000r\000i\000c}{subsection.7.1}% 31
\BOOKMARK [2][-]{subsection.7.2}{\376\377\000G\000e\000n\000e\000r\000a\000t\000i\000n\000g\000\040\000s\000t\000r\000o\000n\000g\000\040\000b\000a\000s\000e\000l\000i\000n\000e\000\040\000f\000o\000r\000e\000c\000a\000s\000t\000s}{section.7}% 32
\BOOKMARK [2][-]{subsection.7.3}{\376\377\000A\000s\000s\000e\000s\000s\000i\000n\000g\000\040\000t\000h\000e\000\040\000f\000o\000r\000e\000c\000a\000s\000t\000a\000b\000i\000l\000i\000t\000y\000\040\000o\000f\000\040\000a\000\040\000t\000i\000m\000e\000\040\000s\000e\000r\000i\000e\000s}{section.7}% 33
\BOOKMARK [2][-]{subsection.7.4}{\376\377\000S\000e\000t\000t\000i\000n\000g\000\040\000a\000\040\000S\000t\000r\000o\000n\000g\000\040\000B\000a\000s\000e\000l\000i\000n\000e\000\040\000F\000o\000r\000e\000c\000a\000s\000t}{section.7}% 34
\BOOKMARK [1][-]{section.8}{\376\377\000C\000h\000a\000p\000t\000e\000r\000\040\0000\0004\000\040\000C\000o\000d\000e\000\040\000A\000n\000a\000l\000y\000s\000i\000s}{}% 35
\BOOKMARK [1][-]{section.9}{\376\377\000C\000h\000a\000p\000t\000e\000r\000\040\0000\0005\000\040\000S\000u\000m\000m\000a\000r\000y}{}% 36
\BOOKMARK [2][-]{subsection.9.1}{\376\377\000U\000n\000d\000e\000r\000s\000t\000a\000n\000d\000i\000n\000g\000\040\000t\000h\000e\000\040\000b\000a\000s\000i\000c\000s\000\040\000o\000f\000\040\000m\000a\000c\000h\000i\000n\000e\000\040\000l\000e\000a\000r\000n\000i\000n\000g}{section.9}% 37
\BOOKMARK [3][-]{subsubsection.9.1.1}{\376\377\000S\000u\000p\000e\000r\000v\000i\000s\000e\000d\000\040\000m\000a\000c\000h\000i\000n\000e\000\040\000l\000e\000a\000r\000n\000i\000n\000g\000\040\000t\000a\000s\000k\000s}{subsection.9.1}% 38
\BOOKMARK [3][-]{subsubsection.9.1.2}{\376\377\000O\000v\000e\000r\000f\000i\000t\000t\000i\000n\000g\000\040\000a\000n\000d\000\040\000u\000n\000d\000e\000r\000f\000i\000t\000t\000i\000n\000g}{subsection.9.1}% 39
\BOOKMARK [3][-]{subsubsection.9.1.3}{\376\377\000H\000y\000p\000e\000r\000p\000a\000r\000a\000m\000e\000t\000e\000r\000s\000\040\000a\000n\000d\000\040\000v\000a\000l\000i\000d\000a\000t\000i\000o\000n\000\040\000s\000e\000t\000s}{subsection.9.1}% 40
\BOOKMARK [2][-]{subsection.9.2}{\376\377\000T\000i\000m\000e\000\040\000s\000e\000r\000i\000e\000s\000\040\000f\000o\000r\000e\000c\000a\000s\000t\000i\000n\000g\000\040\000a\000s\000\040\000r\000e\000g\000r\000e\000s\000s\000i\000o\000n}{section.9}% 41
\BOOKMARK [3][-]{subsubsection.9.2.1}{\376\377\000T\000i\000m\000e\000\040\000d\000e\000l\000a\000y\000\040\000e\000m\000b\000e\000d\000d\000i\000n\000g}{subsection.9.2}% 42
\BOOKMARK [3][-]{subsubsection.9.2.2}{\376\377\000T\000e\000m\000p\000o\000r\000a\000l\000\040\000e\000m\000b\000e\000d\000d\000i\000n\000g}{subsection.9.2}% 43
\BOOKMARK [2][-]{subsection.9.3}{\376\377\000L\000o\000c\000a\000l\000\040\000v\000e\000r\000s\000u\000s\000\040\000g\000l\000o\000b\000a\000l\000\040\000m\000o\000d\000e\000l\000s}{section.9}% 44
\BOOKMARK [1][-]{section.10}{\376\377\000C\000h\000a\000p\000t\000e\000r\000\040\0000\0005\000\040\000C\000o\000d\000e\000\040\000A\000n\000a\000l\000y\000s\000i\000s}{}% 45
\BOOKMARK [1][-]{section.11}{\376\377\000C\000h\000a\000p\000t\000e\000r\000\040\0000\0006\000\040\000S\000u\000m\000m\000a\000r\000y}{}% 46
\BOOKMARK [2][-]{subsection.11.1}{\376\377\000F\000e\000a\000t\000u\000r\000e\000\040\000e\000n\000g\000i\000n\000e\000e\000r\000i\000n\000g}{section.11}% 47
\BOOKMARK [2][-]{subsection.11.2}{\376\377\000A\000v\000o\000i\000d\000i\000n\000g\000\040\000d\000a\000t\000a\000\040\000l\000e\000a\000k\000a\000g\000e}{section.11}% 48
\BOOKMARK [2][-]{subsection.11.3}{\376\377\000S\000e\000t\000t\000i\000n\000g\000\040\000a\000\040\000f\000o\000r\000e\000c\000a\000s\000t\000\040\000h\000o\000r\000i\000z\000o\000n}{section.11}% 49
\BOOKMARK [2][-]{subsection.11.4}{\376\377\000T\000i\000m\000e\000\040\000d\000e\000l\000a\000y\000\040\000e\000m\000b\000e\000d\000d\000i\000n\000g}{section.11}% 50
\BOOKMARK [2][-]{subsection.11.5}{\376\377\000T\000e\000m\000p\000o\000r\000a\000l\000\040\000e\000m\000b\000e\000d\000d\000i\000n\000g}{section.11}% 51
\BOOKMARK [1][-]{section.12}{\376\377\000C\000h\000a\000p\000t\000e\000r\000\040\0000\0006\000\040\000C\000o\000d\000e\000\040\000A\000n\000a\000l\000y\000s\000i\000s}{}% 52
\BOOKMARK [1][-]{section.13}{\376\377\000C\000h\000a\000p\000t\000e\000r\000\040\0000\0007\000\040\000S\000u\000m\000m\000a\000r\000y}{}% 53
\BOOKMARK [2][-]{subsection.13.1}{\376\377\000H\000a\000n\000d\000l\000i\000n\000g\000\040\000n\000o\000n\000-\000s\000t\000a\000t\000i\000o\000n\000a\000r\000i\000t\000y\000\040\000i\000n\000\040\000t\000i\000m\000e\000\040\000s\000e\000r\000i\000e\000s}{section.13}% 54
\BOOKMARK [2][-]{subsection.13.2}{\376\377\000D\000e\000t\000e\000c\000t\000i\000n\000g\000\040\000a\000n\000d\000\040\000c\000o\000r\000r\000e\000c\000t\000i\000n\000g\000\040\000f\000o\000r\000\040\000u\000n\000i\000t\000\040\000r\000o\000o\000t\000s}{section.13}% 55
\BOOKMARK [2][-]{subsection.13.3}{\376\377\000D\000e\000t\000e\000c\000t\000i\000n\000g\000\040\000a\000n\000d\000\040\000c\000o\000r\000r\000e\000c\000t\000i\000n\000g\000\040\000f\000o\000r\000\040\000t\000r\000e\000n\000d\000s}{section.13}% 56
\BOOKMARK [2][-]{subsection.13.4}{\376\377\000D\000e\000t\000e\000c\000t\000i\000n\000g\000\040\000a\000n\000d\000\040\000c\000o\000r\000r\000e\000c\000t\000i\000n\000g\000\040\000f\000o\000r\000\040\000s\000e\000a\000s\000o\000n\000a\000l\000i\000t\000y}{section.13}% 57
\BOOKMARK [2][-]{subsection.13.5}{\376\377\000D\000e\000t\000e\000c\000t\000i\000n\000g\000\040\000a\000n\000d\000\040\000c\000o\000r\000r\000e\000c\000t\000i\000n\000g\000\040\000f\000o\000r\000\040\000h\000e\000t\000e\000r\000o\000s\000c\000e\000d\000a\000s\000t\000i\000c\000i\000t\000y}{section.13}% 58
\BOOKMARK [2][-]{subsection.13.6}{\376\377\000A\000u\000t\000o\000M\000L\000\040\000a\000p\000p\000r\000o\000a\000c\000h\000\040\000t\000o\000\040\000t\000a\000r\000g\000e\000t\000\040\000t\000r\000a\000n\000s\000f\000o\000r\000m\000a\000t\000i\000o\000n}{section.13}% 59
\BOOKMARK [1][-]{section.14}{\376\377\000C\000h\000a\000p\000t\000e\000r\000\040\0000\0007\000\040\000C\000o\000d\000e\000\040\000A\000n\000a\000l\000y\000s\000i\000s}{}% 60
\BOOKMARK [1][-]{section.15}{\376\377\000M\000a\000t\000l\000a\000b\000\040\000f\000o\000r\000\040\000T\000i\000m\000e\000\040\000S\000e\000r\000i\000e\000s\000\040\000A\000n\000a\000l\000y\000s\000i\000s}{}% 61
\BOOKMARK [1][-]{section.16}{\376\377\000C\000h\000a\000p\000t\000e\000r\000\040\0000\0009\000\040\000S\000u\000m\000m\000a\000r\000y}{}% 62
\BOOKMARK [2][-]{subsection.16.1}{\376\377\000C\000o\000m\000b\000i\000n\000i\000n\000g\000\040\000f\000o\000r\000e\000c\000a\000s\000t\000s}{section.16}% 63
\BOOKMARK [2][-]{subsection.16.2}{\376\377\000B\000e\000s\000t\000\040\000f\000i\000t}{section.16}% 64
\BOOKMARK [2][-]{subsection.16.3}{\376\377\000M\000e\000a\000s\000u\000r\000e\000s\000\040\000o\000f\000\040\000c\000e\000n\000t\000r\000a\000l\000\040\000t\000e\000n\000d\000e\000n\000c\000y}{section.16}% 65
\BOOKMARK [2][-]{subsection.16.4}{\376\377\000S\000i\000m\000p\000l\000e\000\040\000h\000i\000l\000l\000\040\000c\000l\000i\000m\000b\000i\000n\000g}{section.16}% 66
\BOOKMARK [2][-]{subsection.16.5}{\376\377\000S\000t\000o\000c\000h\000a\000s\000t\000i\000c\000\040\000h\000i\000l\000l\000\040\000c\000l\000i\000m\000b\000i\000n\000g}{section.16}% 67
\BOOKMARK [2][-]{subsection.16.6}{\376\377\000S\000i\000m\000u\000l\000a\000t\000e\000d\000\040\000a\000n\000n\000e\000a\000l\000i\000n\000g}{section.16}% 68
\BOOKMARK [2][-]{subsection.16.7}{\376\377\000O\000p\000t\000i\000m\000a\000l\000\040\000w\000e\000i\000g\000h\000t\000e\000d\000\040\000e\000n\000s\000e\000m\000b\000l\000e}{section.16}% 69
\BOOKMARK [2][-]{subsection.16.8}{\376\377\000S\000t\000a\000c\000k\000i\000n\000g\000\040\000o\000r\000\040\000b\000l\000e\000n\000d\000i\000n\000g}{section.16}% 70
\BOOKMARK [1][-]{section.17}{\376\377\000C\000h\000a\000p\000t\000e\000r\000\040\0000\0009\000\040\000C\000o\000d\000e\000\040\000A\000n\000a\000l\000y\000s\000i\000s}{}% 71
\BOOKMARK [1][-]{section.18}{\376\377\000C\000h\000a\000p\000t\000e\000r\000\040\0001\0000\000\040\000S\000u\000m\000m\000a\000r\000y}{}% 72
\BOOKMARK [2][-]{subsection.18.1}{\376\377\000W\000h\000y\000\040\000G\000l\000o\000b\000a\000l\000\040\000F\000o\000r\000e\000c\000a\000s\000t\000i\000n\000g\000\040\000M\000o\000d\000e\000l\000s\000\040\000\050\000G\000F\000M\000s\000\051\000?}{section.18}% 73
\BOOKMARK [2][-]{subsection.18.2}{\376\377\000C\000r\000e\000a\000t\000i\000n\000g\000\040\000G\000F\000M\000s}{section.18}% 74
\BOOKMARK [2][-]{subsection.18.3}{\376\377\000S\000t\000r\000a\000t\000e\000g\000i\000e\000s\000\040\000t\000o\000\040\000i\000m\000p\000r\000o\000v\000e\000\040\000G\000F\000M\000s}{section.18}% 75
\BOOKMARK [2][-]{subsection.18.4}{\376\377\000B\000o\000n\000u\000s\000\040\040\023\000\040\000i\000n\000t\000e\000r\000p\000r\000e\000t\000a\000b\000i\000l\000i\000t\000y}{section.18}% 76
\BOOKMARK [1][-]{section.19}{\376\377\000C\000h\000a\000p\000t\000e\000r\000\040\0001\0000\000\040\000C\000o\000d\000e\000\040\000A\000n\000a\000l\000y\000s\000i\000s}{}% 77
\BOOKMARK [1][-]{section.20}{\376\377\000C\000h\000a\000p\000t\000e\000r\000\040\0001\0001\000\040\000S\000u\000m\000m\000a\000r\000y}{}% 78
\BOOKMARK [2][-]{subsection.20.1}{\376\377\000W\000h\000a\000t\000\040\000i\000s\000\040\000d\000e\000e\000p\000\040\000l\000e\000a\000r\000n\000i\000n\000g\000\040\000a\000n\000d\000\040\000w\000h\000y\000\040\000n\000o\000w\000?}{section.20}% 79
\BOOKMARK [2][-]{subsection.20.2}{\376\377\000P\000e\000r\000c\000e\000p\000t\000r\000o\000n\000\040\000-\000\040\000T\000h\000e\000\040\000f\000i\000r\000s\000t\000\040\000n\000e\000u\000r\000a\000l\000\040\000n\000e\000t\000w\000o\000r\000k}{section.20}% 80
\BOOKMARK [2][-]{subsection.20.3}{\376\377\000C\000o\000m\000p\000o\000n\000e\000n\000t\000s\000\040\000o\000f\000\040\000a\000\040\000d\000e\000e\000p\000\040\000l\000e\000a\000r\000n\000i\000n\000g\000\040\000s\000y\000s\000t\000e\000m}{section.20}% 81
\BOOKMARK [2][-]{subsection.20.4}{\376\377\000L\000i\000n\000e\000a\000r\000\040\000l\000a\000y\000e\000r\000s\000\040\000a\000n\000d\000\040\000a\000c\000t\000i\000v\000a\000t\000i\000o\000n\000\040\000f\000u\000n\000c\000t\000i\000o\000n\000s}{section.20}% 82
\BOOKMARK [3][-]{subsubsection.20.4.1}{\376\377\000L\000i\000n\000e\000a\000r\000\040\000T\000r\000a\000n\000s\000f\000o\000r\000m\000a\000t\000i\000o\000n\000s\000\040\000\050\000I\000n\000\040\000h\000i\000d\000d\000e\000n\000\040\000l\000a\000y\000e\000r\000s\000\051}{subsection.20.4}% 83
\BOOKMARK [3][-]{subsubsection.20.4.2}{\376\377\000I\000n\000t\000e\000r\000m\000e\000d\000i\000a\000t\000e\000\040\000A\000c\000t\000i\000v\000a\000t\000i\000o\000n\000\040\000F\000u\000n\000c\000t\000i\000o\000n\000s\000\040\000\050\000I\000n\000\040\000h\000i\000d\000d\000e\000n\000\040\000l\000a\000y\000e\000r\000s\000\051}{subsection.20.4}% 84
\BOOKMARK [3][-]{subsubsection.20.4.3}{\376\377\000O\000u\000t\000p\000u\000t\000\040\000A\000c\000t\000i\000v\000a\000t\000i\000o\000n\000\040\000F\000u\000n\000c\000t\000i\000o\000n\000s\000\040\000\050\000I\000n\000\040\000o\000u\000t\000p\000u\000t\000\040\000l\000a\000y\000e\000r\000\051}{subsection.20.4}% 85
\BOOKMARK [3][-]{subsubsection.20.4.4}{\376\377\000L\000o\000s\000s\000\040\000f\000u\000n\000c\000t\000i\000o\000n}{subsection.20.4}% 86
\BOOKMARK [2][-]{subsection.20.5}{\376\377\000G\000r\000a\000d\000i\000e\000n\000t\000\040\000d\000e\000s\000c\000e\000n\000t}{section.20}% 87
\BOOKMARK [3][-]{subsubsection.20.5.1}{\376\377\000F\000o\000r\000w\000a\000r\000d\000\040\000C\000o\000m\000p\000u\000t\000a\000t\000i\000o\000n\000\040\000\050\000F\000o\000r\000w\000a\000r\000d\000\040\000P\000r\000o\000p\000a\000g\000a\000t\000i\000o\000n\000\051}{subsection.20.5}% 88
\BOOKMARK [3][-]{subsubsection.20.5.2}{\376\377\000B\000a\000c\000k\000w\000a\000r\000d\000\040\000C\000o\000m\000p\000u\000t\000a\000t\000i\000o\000n\000\040\000\050\000B\000a\000c\000k\000w\000a\000r\000d\000\040\000P\000r\000o\000p\000a\000g\000a\000t\000i\000o\000n\000\051}{subsection.20.5}% 89
\BOOKMARK [3][-]{subsubsection.20.5.3}{\376\377\000G\000r\000a\000d\000i\000e\000n\000t\000\040\000a\000n\000d\000\040\000i\000t\000s\000\040\000I\000m\000p\000o\000r\000t\000a\000n\000c\000e}{subsection.20.5}% 90
\BOOKMARK [1][-]{section.21}{\376\377\000C\000h\000a\000p\000t\000e\000r\000\040\0001\0001\000\040\000C\000o\000d\000e\000\040\000A\000n\000a\000l\000y\000s\000i\000s}{}% 91
\BOOKMARK [1][-]{section.22}{\376\377\000C\000h\000a\000p\000t\000e\000r\000\040\0001\0002\000\040\000S\000u\000m\000m\000a\000r\000y}{}% 92
\BOOKMARK [2][-]{subsection.22.1}{\376\377\000U\000n\000d\000e\000r\000s\000t\000a\000n\000d\000i\000n\000g\000\040\000t\000h\000e\000\040\000e\000n\000c\000o\000d\000e\000r\000-\000d\000e\000c\000o\000d\000e\000r\000\040\000p\000a\000r\000a\000d\000i\000g\000m}{section.22}% 93
\BOOKMARK [2][-]{subsection.22.2}{\376\377\000F\000e\000e\000d\000-\000f\000o\000r\000w\000a\000r\000d\000\040\000n\000e\000t\000w\000o\000r\000k\000s}{section.22}% 94
\BOOKMARK [2][-]{subsection.22.3}{\376\377\000R\000e\000c\000u\000r\000r\000e\000n\000t\000\040\000n\000e\000u\000r\000a\000l\000\040\000n\000e\000t\000w\000o\000r\000k\000s}{section.22}% 95
\BOOKMARK [2][-]{subsection.22.4}{\376\377\000L\000o\000n\000g\000\040\000s\000h\000o\000r\000t\000-\000t\000e\000r\000m\000\040\000m\000e\000m\000o\000r\000y\000\040\000\050\000L\000S\000T\000M\000\051\000\040\000n\000e\000t\000w\000o\000r\000k\000s}{section.22}% 96
\BOOKMARK [2][-]{subsection.22.5}{\376\377\000G\000a\000t\000e\000d\000\040\000r\000e\000c\000u\000r\000r\000e\000n\000t\000\040\000u\000n\000i\000t\000\040\000\050\000G\000R\000U\000\051}{section.22}% 97
\BOOKMARK [2][-]{subsection.22.6}{\376\377\000C\000o\000n\000v\000o\000l\000u\000t\000i\000o\000n\000\040\000n\000e\000t\000w\000o\000r\000k\000s}{section.22}% 98
\BOOKMARK [1][-]{section.23}{\376\377\000C\000h\000a\000p\000t\000e\000r\000\040\0001\0002\000\040\000C\000o\000d\000e\000\040\000A\000n\000a\000l\000y\000s\000i\000s}{}% 99
\BOOKMARK [1][-]{section.24}{\376\377\000C\000h\000a\000p\000t\000e\000r\000\040\0001\0003\000\040\000S\000u\000m\000m\000a\000r\000y}{}% 100
\BOOKMARK [2][-]{subsection.24.1}{\376\377\000T\000a\000b\000u\000l\000a\000r\000\040\000r\000e\000g\000r\000e\000s\000s\000i\000o\000n}{section.24}% 101
\BOOKMARK [2][-]{subsection.24.2}{\376\377\000S\000i\000n\000g\000l\000e\000-\000s\000t\000e\000p\000-\000a\000h\000e\000a\000d\000\040\000r\000e\000c\000u\000r\000r\000e\000n\000t\000\040\000n\000e\000u\000r\000a\000l\000\040\000n\000e\000t\000w\000o\000r\000k\000s}{section.24}% 102
\BOOKMARK [2][-]{subsection.24.3}{\376\377\000S\000e\000q\000u\000e\000n\000c\000e\000-\000t\000o\000-\000s\000e\000q\000u\000e\000n\000c\000e\000\040\000m\000o\000d\000e\000l\000s}{section.24}% 103
\BOOKMARK [3][-]{subsubsection.24.3.1}{\376\377\000R\000N\000N\000-\000t\000o\000-\000f\000u\000l\000l\000y\000\040\000c\000o\000n\000n\000e\000c\000t\000e\000d\000\040\000n\000e\000t\000w\000o\000r\000k}{subsection.24.3}% 104
\BOOKMARK [3][-]{subsubsection.24.3.2}{\376\377\000R\000N\000N\000-\000t\000o\000-\000R\000N\000N}{subsection.24.3}% 105
\BOOKMARK [2][-]{subsection.24.4}{\376\377\000S\000u\000m\000m\000a\000r\000y}{section.24}% 106
\BOOKMARK [1][-]{section.25}{\376\377\000C\000h\000a\000p\000t\000e\000r\000\040\0001\0003\000\040\000C\000o\000d\000e\000\040\000A\000n\000a\000l\000y\000s\000i\000s}{}% 107
\BOOKMARK [1][-]{section.26}{\376\377\000C\000h\000a\000p\000t\000e\000r\000\040\0001\0004\000\040\000S\000u\000m\000m\000a\000r\000y}{}% 108
\BOOKMARK [2][-]{subsection.26.1}{\376\377\000C\000o\000n\000v\000o\000l\000u\000t\000i\000o\000n\000a\000l\000\040\000N\000e\000u\000r\000a\000l\000\040\000N\000e\000t\000w\000o\000r\000k\000\040\000\050\000C\000N\000N\000\051}{section.26}% 109
\BOOKMARK [2][-]{subsection.26.2}{\376\377\000C\000o\000m\000b\000i\000n\000a\000t\000i\000o\000n\000s}{section.26}% 110
\BOOKMARK [2][-]{subsection.26.3}{\376\377\000C\000l\000a\000s\000s\000i\000f\000i\000c\000a\000t\000i\000o\000n\000\040\000a\000n\000d\000\040\000f\000o\000r\000e\000c\000a\000s\000t\000i\000n\000g\000\040\000s\000o\000l\000u\000t\000i\000o\000n\000s}{section.26}% 111
\BOOKMARK [3][-]{subsubsection.26.3.1}{\376\377\000C\000l\000a\000s\000s\000i\000f\000i\000c\000a\000t\000i\000o\000n}{subsection.26.3}% 112
\BOOKMARK [3][-]{subsubsection.26.3.2}{\376\377\000F\000o\000r\000e\000c\000a\000s\000t\000i\000n\000g}{subsection.26.3}% 113
\BOOKMARK [2][-]{subsection.26.4}{\376\377\000W\000h\000a\000t\000\040\000i\000s\000\040\000a\000t\000t\000e\000n\000t\000i\000o\000n\000?}{section.26}% 114
\BOOKMARK [2][-]{subsection.26.5}{\376\377\000G\000e\000n\000e\000r\000a\000l\000i\000z\000e\000d\000\040\000a\000t\000t\000e\000n\000t\000i\000o\000n\000\040\000m\000o\000d\000e\000l}{section.26}% 115
\BOOKMARK [3][-]{subsubsection.26.5.1}{\376\377\000A\000l\000i\000g\000n\000m\000e\000n\000t\000\040\000f\000u\000n\000c\000t\000i\000o\000n\000s}{subsection.26.5}% 116
\BOOKMARK [3][-]{subsubsection.26.5.2}{\376\377\000D\000i\000s\000t\000r\000i\000b\000u\000t\000i\000o\000n\000\040\000f\000u\000n\000c\000t\000i\000o\000n}{subsection.26.5}% 117
\BOOKMARK [2][-]{subsection.26.6}{\376\377\000F\000o\000r\000e\000c\000a\000s\000t\000i\000n\000g\000\040\000w\000i\000t\000h\000\040\000s\000e\000q\000u\000e\000n\000c\000e\000-\000t\000o\000-\000s\000e\000q\000u\000e\000n\000c\000e\000\040\000m\000o\000d\000e\000l\000s\000\040\000a\000n\000d\000\040\000a\000t\000t\000e\000n\000t\000i\000o\000n}{section.26}% 118
\BOOKMARK [2][-]{subsection.26.7}{\376\377\000T\000r\000a\000n\000s\000f\000o\000r\000m\000e\000r\000s\000\040\040\023\000\040\000A\000t\000t\000e\000n\000t\000i\000o\000n\000\040\000i\000s\000\040\000a\000l\000l\000\040\000y\000o\000u\000\040\000n\000e\000e\000d}{section.26}% 119
\BOOKMARK [3][-]{subsubsection.26.7.1}{\376\377\000K\000e\000y\000\040\000c\000o\000m\000p\000o\000n\000e\000n\000t\000\040\000o\000f\000\040\000T\000r\000a\000n\000s\000f\000o\000r\000m\000e\000r\000\040\000m\000o\000d\000e\000l}{subsection.26.7}% 120
\BOOKMARK [3][-]{subsubsection.26.7.2}{\376\377\000H\000o\000w\000\040\000t\000h\000e\000\040\000c\000o\000m\000p\000o\000n\000e\000n\000t\000\040\000p\000u\000t\000\040\000t\000o\000g\000e\000t\000h\000e\000r}{subsection.26.7}% 121
\BOOKMARK [2][-]{subsection.26.8}{\376\377\000F\000o\000r\000e\000c\000a\000s\000t\000i\000n\000g\000\040\000w\000i\000t\000h\000\040\000T\000r\000a\000n\000s\000f\000o\000r\000m\000e\000r\000s}{section.26}% 122
\BOOKMARK [2][-]{subsection.26.9}{\376\377\000U\000n\000d\000e\000r\000s\000t\000a\000n\000d\000i\000n\000g\000\040\000t\000h\000e\000\040\000e\000n\000c\000o\000d\000e\000r\000-\000d\000e\000c\000o\000d\000e\000r\000\040\000p\000a\000r\000a\000d\000i\000g\000m}{section.26}% 123
\BOOKMARK [3][-]{subsubsection.26.9.1}{\376\377\000F\000e\000e\000d\000-\000f\000o\000r\000w\000a\000r\000d\000\040\000n\000e\000t\000w\000o\000r\000k\000s}{subsection.26.9}% 124
\BOOKMARK [2][-]{subsection.26.10}{\376\377\000S\000e\000l\000f\000-\000A\000t\000t\000e\000n\000t\000i\000o\000n\000\040\000O\000p\000e\000r\000a\000t\000i\000o\000n}{section.26}% 125
\BOOKMARK [3][-]{subsubsection.26.10.1}{\376\377\000M\000u\000l\000t\000i\000-\000H\000e\000a\000d\000\040\000S\000e\000l\000f\000-\000A\000t\000t\000e\000n\000t\000i\000o\000n}{subsection.26.10}% 126
\BOOKMARK [3][-]{subsubsection.26.10.2}{\376\377\000P\000o\000s\000i\000t\000i\000o\000n\000a\000l\000\040\000E\000n\000c\000o\000d\000i\000n\000g}{subsection.26.10}% 127
\BOOKMARK [2][-]{subsection.26.11}{\376\377\000S\000u\000m\000m\000a\000r\000y}{section.26}% 128
\BOOKMARK [1][-]{section.27}{\376\377\000C\000h\000a\000p\000t\000e\000r\000\040\0001\0004\000\040\000C\000o\000d\000e\000\040\000A\000n\000a\000l\000y\000s\000i\000s}{}% 129
\BOOKMARK [2][-]{subsection.27.1}{\376\377\000C\000o\000d\000e}{section.27}% 130
\BOOKMARK [2][-]{subsection.27.2}{\376\377\000C\000o\000n\000c\000l\000u\000s\000i\000o\000n}{section.27}% 131
\BOOKMARK [2][-]{subsection.27.3}{\376\377\000R\000e\000s\000e\000a\000r\000c\000h\000\040\000S\000u\000m\000m\000a\000r\000y}{section.27}% 132
\BOOKMARK [2][-]{subsection.27.4}{\376\377\000E\000n\000c\000o\000d\000e\000r\000-\000D\000e\000c\000o\000d\000e\000r\000\040\000T\000r\000a\000n\000s\000f\000o\000r\000m\000e\000r\000\040\000A\000r\000c\000h\000i\000t\000e\000c\000t\000u\000r\000e}{section.27}% 133
\BOOKMARK [3][-]{subsubsection.27.4.1}{\376\377\000E\000n\000c\000o\000d\000e\000r\000\040\000M\000e\000c\000h\000a\000n\000i\000s\000m}{subsection.27.4}% 134
\BOOKMARK [3][-]{subsubsection.27.4.2}{\376\377\000D\000e\000c\000o\000d\000e\000r\000\040\000M\000e\000c\000h\000a\000n\000i\000s\000m}{subsection.27.4}% 135
\BOOKMARK [2][-]{subsection.27.5}{\376\377\000A\000t\000t\000e\000n\000t\000i\000o\000n\000\040\000M\000e\000c\000h\000a\000n\000i\000s\000m}{section.27}% 136
\BOOKMARK [2][-]{subsection.27.6}{\376\377\000P\000r\000o\000b\000a\000b\000i\000l\000i\000s\000t\000i\000c\000\040\000F\000o\000r\000e\000c\000a\000s\000t\000i\000n\000g}{section.27}% 137
\BOOKMARK [2][-]{subsection.27.7}{\376\377\000S\000o\000f\000t\000m\000a\000x\000\040\000f\000u\000n\000c\000t\000i\000o\000n}{section.27}% 138
\BOOKMARK [2][-]{subsection.27.8}{\376\377\000P\000o\000s\000i\000t\000i\000o\000n\000a\000l\000\040\000e\000n\000c\000o\000d\000i\000n\000g\000\040}{section.27}% 139
\BOOKMARK [3][-]{subsubsection.27.8.1}{\376\377\000P\000o\000s\000i\000t\000i\000o\000n\000a\000l\000\040\000E\000n\000c\000o\000d\000i\000n\000g\000\040\000w\000i\000t\000h\000\040\000S\000i\000n\000u\000s\000o\000i\000d\000s}{subsection.27.8}% 140
\BOOKMARK [3][-]{subsubsection.27.8.2}{\376\377\000P\000o\000s\000i\000t\000i\000o\000n\000a\000l\000\040\000E\000n\000c\000o\000d\000i\000n\000g\000\040\000w\000i\000t\000h\000\040\000L\000e\000a\000r\000n\000e\000d\000\040\000P\000a\000r\000a\000m\000e\000t\000e\000r\000s}{subsection.27.8}% 141
\BOOKMARK [2][-]{subsection.27.9}{\376\377\000T\000o\000k\000e\000n}{section.27}% 142
\BOOKMARK [2][-]{subsection.27.10}{\376\377\000D\000a\000t\000a\000\040\000F\000l\000o\000w}{section.27}% 143
\BOOKMARK [2][-]{subsection.27.11}{\376\377\000R\000e\000f\000e\000r\000e\000n\000c\000e\000s}{section.27}% 144
\BOOKMARK [1][-]{section.28}{\376\377\000C\000h\000a\000p\000t\000e\000r\000\040\0001\0005\000\040\000S\000u\000m\000m\000a\000r\000y}{}% 145
\BOOKMARK [1][-]{section.29}{\376\377\000C\000h\000a\000p\000t\000e\000r\000\040\0001\0005\000\040\000C\000o\000d\000e\000\040\000A\000n\000a\000l\000y\000s\000i\000s}{}% 146
